GROUP,PACKAGE,CLASS,INSTRUCTION_MISSED,INSTRUCTION_COVERED,BRANCH_MISSED,BRANCH_COVERED,LINE_MISSED,LINE_COVERED,COMPLEXITY_MISSED,COMPLEXITY_COVERED,METHOD_MISSED,METHOD_COVERED
samples/runtime,org.corfudb.security.tls,ReloadableTrustManager,75,77,2,2,14,25,2,7,0,7
samples/runtime,org.corfudb.security.tls,TlsUtils,73,118,1,5,15,24,2,5,1,3
samples/runtime,org.corfudb.security.tls,SslContextConstructor,82,80,3,5,15,21,4,4,1,3
samples/runtime,org.corfudb.security.tls,ReloadableTrustManagerFactory,2,18,0,0,2,4,2,2,2,2
samples/runtime,org.corfudb.security.sasl,SaslUtils,61,41,2,2,13,14,3,1,1,1
samples/runtime,org.corfudb.runtime.view.stream,StreamAddressSpace,46,222,8,16,8,48,10,19,3,14
samples/runtime,org.corfudb.runtime.view.stream,StreamSpliterator,5,35,0,2,2,11,1,5,1,4
samples/runtime,org.corfudb.runtime.view.stream,IStreamView.SearchDirection,9,69,0,0,0,7,2,4,2,4
samples/runtime,org.corfudb.runtime.view.stream,BackpointerStreamView,52,202,17,21,20,48,15,10,1,5
samples/runtime,org.corfudb.runtime.view.stream,AddressMapStreamView,40,543,4,68,8,108,5,46,1,14
samples/runtime,org.corfudb.runtime.view.stream,AbstractQueuedStreamView,252,1217,35,119,47,237,33,74,3,27
samples/runtime,org.corfudb.runtime.view.stream,AbstractStreamContext,26,55,1,3,3,19,3,9,2,8
samples/runtime,org.corfudb.runtime.view.stream,IStreamView,10,26,0,0,2,5,2,5,2,5
samples/runtime,org.corfudb.runtime.view.stream,AbstractContextStreamView,128,226,18,20,27,52,18,18,4,13
samples/runtime,org.corfudb.runtime.view.stream,AbstractQueuedStreamView.QueuedStreamContext,42,114,1,3,2,26,2,4,1,3
samples/runtime,org.corfudb.runtime.view.stream,ThreadSafeStreamView,37,79,2,2,9,19,5,14,4,13
samples/runtime,org.corfudb.runtime.view.stream,AbstractQueuedStreamView.StreamCheckpoint,234,147,31,3,3,26,25,15,9,14
samples/runtime,org.corfudb.runtime.object,CorfuCompileWrapperBuilder,3,75,2,6,1,20,3,3,1,1
samples/runtime,org.corfudb.runtime.object,StreamViewSMRAdapter,56,178,14,18,11,41,16,18,5,13
samples/runtime,org.corfudb.runtime.object,AbstractCorfuWrapper,0,15,0,0,0,5,0,4,0,4
samples/runtime,org.corfudb.runtime.object,CorfuCompileProxy,349,638,40,36,57,118,34,32,7,21
samples/runtime,org.corfudb.runtime.object,VersionLockedObject.VloMetricsHelper,8,58,0,0,2,8,2,4,2,4
samples/runtime,org.corfudb.runtime.object,VersionLockedObject.NullValue,9,19,0,0,0,2,2,2,2,2
samples/runtime,org.corfudb.runtime.object,VersionLockedObject,329,810,48,80,30,177,37,58,6,25
samples/runtime,org.corfudb.runtime.object,ISMRStream,6,0,0,0,1,0,1,0,1,0
samples/runtime,org.corfudb.runtime.exceptions,QuotaExceededException,4,3,0,0,2,1,1,1,1,1
samples/runtime,org.corfudb.runtime.exceptions,RetryExhaustedException,0,4,0,0,0,2,0,1,0,1
samples/runtime,org.corfudb.runtime.exceptions,ServerNotReadyException,0,3,0,0,0,2,0,1,0,1
samples/runtime,org.corfudb.runtime.exceptions,FastObjectLoaderException,4,0,0,0,2,0,1,0,1,0
samples/runtime,org.corfudb.runtime.exceptions,ValueAdoptedException,0,9,0,0,0,2,0,2,0,2
samples/runtime,org.corfudb.runtime.exceptions,StaleTokenException,19,0,0,0,4,0,2,0,2,0
samples/runtime,org.corfudb.runtime.exceptions,AbortCause,9,129,0,0,0,13,2,2,2,2
samples/runtime,org.corfudb.runtime.exceptions,TrimmedUpcallException,13,0,0,0,2,0,1,0,1,0
samples/runtime,org.corfudb.runtime.exceptions,RecoveryException,4,0,0,0,2,0,1,0,1,0
samples/runtime,org.corfudb.runtime.exceptions,UnreachableClusterException,0,4,0,0,0,2,0,1,0,1
samples/runtime,org.corfudb.runtime.exceptions,DataOutrankedException,0,3,0,0,0,1,0,1,0,1
samples/runtime,org.corfudb.runtime.exceptions,SerializerException,27,0,0,0,8,0,4,0,4,0
samples/runtime,org.corfudb.runtime.exceptions,LogUnitException,7,16,0,0,2,8,1,4,1,4
samples/runtime,org.corfudb.runtime.exceptions,AlreadyBootstrappedException,0,4,0,0,0,2,0,1,0,1
samples/runtime,org.corfudb.runtime.exceptions,DataCorruptionException,11,12,0,0,4,6,2,3,2,3
samples/runtime,org.corfudb.runtime.exceptions,TransactionAbortedException,5,120,1,3,1,26,2,10,1,9
samples/runtime,org.corfudb.runtime.exceptions,WriteSizeException,17,0,0,0,2,0,1,0,1,0
samples/runtime,org.corfudb.runtime.exceptions,WorkflowResultUnknownException,3,0,0,0,1,0,1,0,1,0
samples/runtime,org.corfudb.runtime.exceptions,QuorumUnreachableException,0,27,0,0,0,6,0,3,0,3
samples/runtime,org.corfudb.runtime.exceptions,WrongClusterException,10,27,2,2,2,6,4,1,2,1
samples/runtime,org.corfudb.runtime.exceptions,WorkflowException,4,0,0,0,2,0,1,0,1,0
samples/runtime,org.corfudb.runtime.exceptions,HoleFillRequiredException,0,4,0,0,0,2,0,1,0,1
samples/runtime,org.corfudb.runtime.exceptions,WrongEpochException,0,19,0,0,0,4,0,2,0,2
samples/runtime,org.corfudb.runtime.exceptions,OutOfSpaceException,3,0,0,0,1,0,1,0,1,0
samples/runtime,org.corfudb.runtime.exceptions,OutrankedException,3,48,0,2,1,10,1,4,1,3
samples/runtime,org.corfudb.runtime.exceptions,LayoutModificationException,0,4,0,0,0,2,0,1,0,1
samples/runtime,org.corfudb.runtime.exceptions,NoRollbackException,12,42,0,0,3,9,1,2,1,2
samples/runtime,org.corfudb.runtime.exceptions,NoBootstrapException,0,4,0,0,0,2,0,1,0,1
samples/runtime,org.corfudb.runtime.exceptions,TrimmedException,8,39,0,0,2,10,2,5,2,5
samples/runtime,org.corfudb.runtime.exceptions,OverwriteException,0,9,0,0,0,4,0,2,0,2
samples/runtime,org.corfudb.runtime.exceptions,OverwriteCause,7,96,1,3,1,13,2,6,1,5
samples/runtime,org.corfudb.runtime.exceptions,AppendException,0,3,0,0,0,1,0,1,0,1
samples/runtime,org.corfudb.runtime.exceptions,NetworkException,23,19,0,0,4,3,2,1,2,1
samples/runtime,org.corfudb.runtime.exceptions.unrecoverable,SystemUnavailableError,0,4,0,0,0,2,0,1,0,1
samples/runtime,org.corfudb.runtime.exceptions.unrecoverable,UnrecoverableCorfuInterruptedError,0,13,0,0,0,6,0,2,0,2
samples/runtime,org.corfudb.runtime.exceptions.unrecoverable,UnrecoverableCorfuError,0,13,0,0,0,6,0,3,0,3
samples/runtime,org.corfudb.security.sasl.plaintext,PlainTextSaslServer.PlainTextSaslServerFactory,31,11,3,1,5,3,3,2,1,2
samples/runtime,org.corfudb.security.sasl.plaintext,PlainTextCallbackHandler,8,49,1,5,1,13,1,4,0,2
samples/runtime,org.corfudb.security.sasl.plaintext,PlainTextLoginModule,50,99,2,4,8,20,3,6,1,5
samples/runtime,org.corfudb.security.sasl.plaintext,PlainTextSaslServer,74,92,11,5,19,23,13,6,6,5
samples/runtime,org.corfudb.security.sasl.plaintext,PlainTextSaslNettyServer,0,58,0,4,0,19,0,5,0,3
samples/runtime,org.corfudb.security.sasl.plaintext,PlainTextSaslNettyClient,7,71,1,3,3,17,1,4,0,3
samples/runtime,org.corfudb.security.sasl.plaintext,PlainTextSaslServerProvider,0,18,0,0,0,6,0,2,0,2
samples/runtime,org.corfudb.protocols.logprotocol,LogEntry,26,70,0,0,4,20,2,10,2,10
samples/runtime,org.corfudb.protocols.logprotocol,SMREntry,53,210,1,3,1,55,2,17,1,16
samples/runtime,org.corfudb.protocols.logprotocol,CheckpointEntry.CheckpointDictKey,5,94,0,0,0,12,1,4,1,4
samples/runtime,org.corfudb.protocols.logprotocol,LogEntry.LogEntryType,5,83,0,0,0,7,1,4,1,4
samples/runtime,org.corfudb.protocols.logprotocol,MultiSMREntry,27,98,0,2,5,26,2,12,2,11
samples/runtime,org.corfudb.protocols.logprotocol,MultiObjectSMREntry,28,153,1,5,6,40,3,16,2,14
samples/runtime,org.corfudb.protocols.logprotocol,CheckpointEntry.CheckpointEntryType,5,61,0,0,0,9,1,4,1,4
samples/runtime,org.corfudb.protocols.logprotocol,CheckpointEntry,62,286,3,11,3,66,5,18,2,14
samples/runtime,org.corfudb.runtime.collections,ISMRMap,71,29,5,3,16,9,10,5,7,4
samples/runtime,org.corfudb.runtime.collections,CorfuTable.IndexRegistry,0,9,0,0,0,3,0,2,0,2
samples/runtime,org.corfudb.runtime.collections,CorfuQueue.new TypeToken() {...},0,6,0,0,0,1,0,1,0,1
samples/runtime,org.corfudb.runtime.collections,ISMRMap.UndoNullable,28,0,0,0,2,0,4,0,4,0
samples/runtime,org.corfudb.runtime.collections,CorfuTable.new TypeToken() {...},0,3,0,0,0,1,0,1,0,1
samples/runtime,org.corfudb.runtime.collections,CorfuTable.new TypeToken() {...},0,3,0,0,0,1,0,1,0,1
samples/runtime,org.corfudb.runtime.collections,CorfuQueue.CorfuRecordId,8,76,5,7,2,12,5,7,0,6
samples/runtime,org.corfudb.runtime.collections,CorfuQueue,99,162,8,8,19,40,14,8,8,6
samples/runtime,org.corfudb.runtime.collections,CorfuTable.UndoNullable,28,0,0,0,2,0,4,0,4,0
samples/runtime,org.corfudb.runtime.collections,CorfuQueue.CorfuQueueRecord,15,25,0,0,1,7,1,4,1,4
samples/runtime,org.corfudb.runtime.collections,SMRMap,198,126,35,9,55,30,26,13,6,11
samples/runtime,org.corfudb.runtime.collections,CorfuTable.Index,21,41,4,0,4,12,3,6,1,6
samples/runtime,org.corfudb.runtime.collections,FGMap.new TypeToken() {...},0,6,0,0,0,1,0,1,0,1
samples/runtime,org.corfudb.runtime.collections,CorfuTable.IndexRegistry.new CorfuTable.IndexRegistry() {...},2,5,0,0,1,2,1,2,1,2
samples/runtime,org.corfudb.runtime.collections,CorfuTable,375,470,44,26,97,106,44,41,19,31
samples/runtime,org.corfudb.runtime.collections,FGMap,102,149,0,0,29,37,12,12,12,12
samples/runtime,org.corfudb.runtime.clients,IClientRouter,5,5,0,0,2,1,1,1,1,1
samples/runtime,org.corfudb.runtime.clients,LogUnitClient,10,274,2,6,2,57,2,26,0,24
samples/runtime,org.corfudb.runtime.clients,BaseHandler,10,65,0,0,2,15,1,12,1,12
samples/runtime,org.corfudb.runtime.clients,IClient,5,12,0,0,1,4,1,3,1,3
samples/runtime,org.corfudb.runtime.clients,ManagementHandler,14,32,0,0,3,8,3,7,3,7
samples/runtime,org.corfudb.runtime.clients,SequencerHandler,7,31,0,0,1,8,1,7,1,7
samples/runtime,org.corfudb.runtime.clients,ManagementClient,54,126,0,0,10,24,4,9,4,9
samples/runtime,org.corfudb.runtime.clients,AbstractClient,15,33,0,0,4,9,2,5,2,5
samples/runtime,org.corfudb.runtime.clients,NettyClientRouter,337,554,19,31,83,139,36,31,21,21
samples/runtime,org.corfudb.runtime.clients,BaseClient,29,71,0,0,6,17,4,6,4,6
samples/runtime,org.corfudb.runtime.clients,LayoutClient,13,53,0,0,2,11,1,6,1,6
samples/runtime,org.corfudb.runtime.clients,NettyClientRouter.new ChannelInitializer() {...},18,159,1,5,3,19,1,4,0,2
samples/runtime,org.corfudb.runtime.clients,SequencerClient,7,61,0,0,1,11,1,7,1,7
samples/runtime,org.corfudb.runtime.clients,LayoutHandler,7,59,0,0,1,13,1,10,1,10
samples/runtime,org.corfudb.runtime.clients,LogUnitHandler,25,78,0,0,5,16,5,14,5,14
samples/runtime,org.corfudb.runtime.clients,ClientMsgHandler,116,134,7,7,23,36,8,7,1,7
samples/runtime,org.corfudb.runtime.view,ClusterStatusReport.ClusterStatus,9,59,0,0,0,9,2,3,2,3
samples/runtime,org.corfudb.runtime.view,ReadOptions.ReadOptionsBuilder,28,66,1,7,0,1,2,9,1,6
samples/runtime,org.corfudb.runtime.view,StreamsView.new Object() {...},4,29,0,0,0,1,0,1,0,1
samples/runtime,org.corfudb.runtime.view,CorfuGuidGenerator,6,178,0,6,3,41,0,9,0,6
samples/runtime,org.corfudb.runtime.view,SealServersHelper,26,188,5,9,6,55,6,14,2,11
samples/runtime,org.corfudb.runtime.view,ManagementView,139,802,18,60,27,174,22,59,6,36
samples/runtime,org.corfudb.runtime.view,StreamOptions,0,31,0,0,0,7,0,7,0,7
samples/runtime,org.corfudb.runtime.view,ObjectOpenOptions,5,33,0,0,0,3,1,3,1,3
samples/runtime,org.corfudb.runtime.view,LayoutView,85,538,6,32,23,121,5,47,0,33
samples/runtime,org.corfudb.runtime.view,LayoutBuilder,45,736,6,74,8,158,7,54,1,20
samples/runtime,org.corfudb.runtime.view,ConservativeFailureHandlerPolicy,0,35,0,0,0,12,0,3,0,3
samples/runtime,org.corfudb.runtime.view,ObjectBuilder,330,150,58,6,12,33,38,17,8,15
samples/runtime,org.corfudb.runtime.view,ClusterStatusReport,220,30,46,0,1,5,28,5,5,5
samples/runtime,org.corfudb.runtime.view,Layout.LayoutStripe,18,71,9,7,0,5,8,6,0,6
samples/runtime,org.corfudb.runtime.view,SequencerView,331,280,60,10,8,41,38,17,4,16
samples/runtime,org.corfudb.runtime.view,QuorumFuturesFactory.CompositeFuture,75,302,8,38,15,72,7,25,2,7
samples/runtime,org.corfudb.runtime.view,ReadOptions,147,37,22,0,1,5,17,9,6,9
samples/runtime,org.corfudb.runtime.view,AddressSpaceView,181,1030,20,70,30,218,23,82,6,54
samples/runtime,org.corfudb.runtime.view,Address,11,22,2,4,2,5,3,7,2,5
samples/runtime,org.corfudb.runtime.view,Layout.LayoutSegment,46,197,17,13,0,18,18,14,3,14
samples/runtime,org.corfudb.runtime.view,ClusterStatusReport.ClusterStatusReliability,9,39,0,0,0,4,2,2,2,2
samples/runtime,org.corfudb.runtime.view,StreamsView,50,219,3,14,11,50,4,16,2,8
samples/runtime,org.corfudb.runtime.view,CacheOption,9,29,0,0,0,3,2,2,2,2
samples/runtime,org.corfudb.runtime.view,ClusterStatusReport.NodeStatus,9,49,0,0,0,5,2,2,2,2
samples/runtime,org.corfudb.runtime.view,AbstractView,39,175,3,17,11,47,2,15,0,7
samples/runtime,org.corfudb.runtime.view,LayoutDeserializer,0,39,0,2,0,7,0,3,0,2
samples/runtime,org.corfudb.runtime.view,StreamOptions.StreamOptionsBuilder,17,37,0,4,0,1,1,6,1,4
samples/runtime,org.corfudb.runtime.view,ObjectsView,110,205,15,9,25,55,10,14,1,11
samples/runtime,org.corfudb.runtime.view,QuorumFuturesFactory,3,43,0,0,1,4,1,4,1,4
samples/runtime,org.corfudb.runtime.view,ClusterStatusReport.ConnectivityStatus,12,34,0,0,1,6,3,2,3,2
samples/runtime,org.corfudb.runtime.view,Layout,184,630,50,58,18,87,45,52,7,36
samples/runtime,org.corfudb.runtime.view,Layout.ReplicationMode.new Layout.ReplicationMode() {...},17,54,3,3,2,12,3,7,0,7
samples/runtime,org.corfudb.runtime.view,Layout.ReplicationMode.new Layout.ReplicationMode() {...},67,53,10,2,16,11,7,6,1,6
samples/runtime,org.corfudb.runtime.view,RuntimeLayout,154,186,30,4,4,36,20,17,5,15
samples/runtime,org.corfudb.runtime.view,Layout.ReplicationMode.new Layout.ReplicationMode() {...},22,6,0,0,5,1,5,1,5,1
samples/runtime,org.corfudb.runtime.view,ObjectsView.ObjectID,38,87,13,9,1,3,12,6,1,6
samples/runtime,org.corfudb.runtime.view,SnowflakeGuidGenerator,0,60,0,0,0,11,0,3,0,3
samples/runtime,org.corfudb.runtime.view,LayoutManagementView,117,550,17,29,31,150,18,28,3,20
samples/runtime,org.corfudb.runtime.view,Layout.ReplicationMode,9,43,0,0,1,4,2,3,2,3
samples/runtime,org.corfudb.runtime.view.workflows,RemoveNode,123,0,14,0,20,0,12,0,5,0
samples/runtime,org.corfudb.runtime.view.workflows,RestoreRedundancyMergeSegments,45,77,7,7,1,20,8,4,1,4
samples/runtime,org.corfudb.runtime.view.workflows,AddNode,45,87,8,8,1,21,9,4,1,4
samples/runtime,org.corfudb.runtime.view.workflows,WorkflowRequest,75,182,12,16,7,39,12,8,0,6
samples/runtime,org.corfudb.runtime.view.workflows,HealNode,68,66,11,5,5,16,10,3,2,3
samples/runtime,org.corfudb.runtime.view.workflows,ForceRemoveNode,91,0,10,0,13,0,9,0,4,0
samples/runtime,org.corfudb.util.retry,IRetry,19,46,0,0,3,10,2,5,2,5
samples/runtime,org.corfudb.util.retry,ExponentialBackoffRetry,37,124,1,5,4,26,6,10,5,8
samples/runtime,org.corfudb.util.retry,RetryNeededException,0,3,0,0,0,1,0,1,0,1
samples/runtime,org.corfudb.util.retry,IntervalRetry,23,0,0,0,7,0,5,0,5,0
samples/runtime,org.corfudb.util.retry,AbstractRetry,0,9,0,0,0,2,0,2,0,2
samples/runtime,org.corfudb.util.concurrent,SingletonResource,0,53,0,6,0,17,0,7,0,4
samples/runtime,org.corfudb.protocols.wireprotocol,IMetadata.LogUnitMetadataType.new TypeToken() {...},0,3,0,0,0,1,0,1,0,1
samples/runtime,org.corfudb.protocols.wireprotocol,KnownAddressResponse,84,11,14,0,4,4,13,2,6,2
samples/runtime,org.corfudb.protocols.wireprotocol,NettyCorfuMessageEncoder,28,22,3,1,7,7,2,3,0,3
samples/runtime,org.corfudb.protocols.wireprotocol,CorfuMsgType.new TypeToken() {...},0,3,0,0,0,1,0,1,0,1
samples/runtime,org.corfudb.protocols.wireprotocol,CorfuMsgType.new TypeToken() {...},0,3,0,0,0,1,0,1,0,1
samples/runtime,org.corfudb.protocols.wireprotocol,CorfuMsgType.new TypeToken() {...},0,3,0,0,0,1,0,1,0,1
samples/runtime,org.corfudb.protocols.wireprotocol,CorfuMsgType.new TypeToken() {...},0,3,0,0,0,1,0,1,0,1
samples/runtime,org.corfudb.protocols.wireprotocol,CorfuMsgType.new TypeToken() {...},0,3,0,0,0,1,0,1,0,1
samples/runtime,org.corfudb.protocols.wireprotocol,CorfuMsgType.new TypeToken() {...},0,3,0,0,0,1,0,1,0,1
samples/runtime,org.corfudb.protocols.wireprotocol,InboundMsgFilterHandler,92,0,6,0,23,0,7,0,4,0
samples/runtime,org.corfudb.protocols.wireprotocol,CorfuMsgType.new TypeToken() {...},0,3,0,0,0,1,0,1,0,1
samples/runtime,org.corfudb.protocols.wireprotocol,CorfuMsgType.new TypeToken() {...},0,3,0,0,0,1,0,1,0,1
samples/runtime,org.corfudb.protocols.wireprotocol,CorfuMsgType.new TypeToken() {...},0,3,0,0,0,1,0,1,0,1
samples/runtime,org.corfudb.protocols.wireprotocol,CorfuMsgType.new TypeToken() {...},0,3,0,0,0,1,0,1,0,1
samples/runtime,org.corfudb.protocols.wireprotocol,CorfuMsgType.new TypeToken() {...},0,3,0,0,0,1,0,1,0,1
samples/runtime,org.corfudb.protocols.wireprotocol,ICorfuPayload,321,746,37,65,43,166,29,45,2,21
samples/runtime,org.corfudb.protocols.wireprotocol,CorfuMsgType.new TypeToken() {...},0,3,0,0,0,1,0,1,0,1
samples/runtime,org.corfudb.protocols.wireprotocol,CorfuMsgType.new TypeToken() {...},0,3,0,0,0,1,0,1,0,1
samples/runtime,org.corfudb.protocols.wireprotocol,CorfuPayloadMsg,0,35,0,0,0,12,0,5,0,5
samples/runtime,org.corfudb.protocols.wireprotocol,CorfuMsgType.new TypeToken() {...},0,3,0,0,0,1,0,1,0,1
samples/runtime,org.corfudb.protocols.wireprotocol,CorfuMsgType.new TypeToken() {...},0,3,0,0,0,1,0,1,0,1
samples/runtime,org.corfudb.protocols.wireprotocol,CorfuMsgType.new TypeToken() {...},0,3,0,0,0,1,0,1,0,1
samples/runtime,org.corfudb.protocols.wireprotocol,CorfuMsgType.new TypeToken() {...},0,3,0,0,0,1,0,1,0,1
samples/runtime,org.corfudb.protocols.wireprotocol,CorfuMsgType.new TypeToken() {...},0,3,0,0,0,1,0,1,0,1
samples/runtime,org.corfudb.protocols.wireprotocol,CorfuMsgType.new TypeToken() {...},0,3,0,0,0,1,0,1,0,1
samples/runtime,org.corfudb.protocols.wireprotocol,IMetadata.DataRank,91,46,14,2,1,10,10,7,3,6
samples/runtime,org.corfudb.protocols.wireprotocol,CorfuMsgType.new TypeToken() {...},0,3,0,0,0,1,0,1,0,1
samples/runtime,org.corfudb.protocols.wireprotocol,WriteRequest,0,41,0,0,0,12,0,7,0,7
samples/runtime,org.corfudb.protocols.wireprotocol,NodeState.NodeStateBuilder,22,28,0,0,0,1,1,5,1,5
samples/runtime,org.corfudb.protocols.wireprotocol,StreamsAddressRequest,119,51,19,3,7,15,17,5,6,5
samples/runtime,org.corfudb.protocols.wireprotocol,CorfuMsgType.new TypeToken() {...},0,3,0,0,0,1,0,1,0,1
samples/runtime,org.corfudb.protocols.wireprotocol,CorfuMsgType.new TypeToken() {...},0,3,0,0,0,1,0,1,0,1
samples/runtime,org.corfudb.protocols.wireprotocol,CorfuMsgType.new TypeToken() {...},0,3,0,0,0,1,0,1,0,1
samples/runtime,org.corfudb.protocols.wireprotocol,CorfuMsgType.new TypeToken() {...},0,3,0,0,0,1,0,1,0,1
samples/runtime,org.corfudb.protocols.wireprotocol,CorfuMsgType.new TypeToken() {...},0,3,0,0,0,1,0,1,0,1
samples/runtime,org.corfudb.protocols.wireprotocol,PriorityLevel,5,50,0,0,0,6,1,4,1,4
samples/runtime,org.corfudb.protocols.wireprotocol,CorfuMsgType.new TypeToken() {...},0,3,0,0,0,1,0,1,0,1
samples/runtime,org.corfudb.protocols.wireprotocol,DetectorMsg,157,53,30,0,1,13,22,6,7,6
samples/runtime,org.corfudb.protocols.wireprotocol,LayoutPrepareResponse,108,62,16,6,1,15,14,8,6,5
samples/runtime,org.corfudb.protocols.wireprotocol,HandshakeResponse,117,39,22,0,1,10,17,5,6,5
samples/runtime,org.corfudb.protocols.wireprotocol,StreamsAddressResponse,28,104,7,7,0,14,7,8,1,7
samples/runtime,org.corfudb.protocols.wireprotocol,LayoutBootstrapRequest,77,23,14,0,1,7,12,4,5,4
samples/runtime,org.corfudb.protocols.wireprotocol,HandshakeState,0,32,0,0,0,9,0,4,0,4
samples/runtime,org.corfudb.protocols.wireprotocol,CorfuMsgType,33,1205,2,6,6,88,3,11,1,9
samples/runtime,org.corfudb.protocols.wireprotocol,NodeState,126,89,30,2,2,18,19,10,4,9
samples/runtime,org.corfudb.protocols.wireprotocol,ClusterState.ClusterStateBuilder,43,42,4,2,0,1,6,5,3,5
samples/runtime,org.corfudb.protocols.wireprotocol,VersionInfo,15,59,0,6,2,16,5,6,5,3
samples/runtime,org.corfudb.protocols.wireprotocol,CorfuMsgType.new TypeToken() {...},0,3,0,0,0,1,0,1,0,1
samples/runtime,org.corfudb.protocols.wireprotocol,CorfuMsgType.new TypeToken() {...},0,3,0,0,0,1,0,1,0,1
samples/runtime,org.corfudb.protocols.wireprotocol,CorfuMsgType.new TypeToken() {...},0,3,0,0,0,1,0,1,0,1
samples/runtime,org.corfudb.protocols.wireprotocol,CorfuMsgType.new TypeToken() {...},0,3,0,0,0,1,0,1,0,1
samples/runtime,org.corfudb.protocols.wireprotocol,CorfuMsgType.new TypeToken() {...},0,3,0,0,0,1,0,1,0,1
samples/runtime,org.corfudb.protocols.wireprotocol,ITypedEnum,0,6,0,0,0,2,0,1,0,1
samples/runtime,org.corfudb.protocols.wireprotocol,CorfuMsgType.new TypeToken() {...},0,3,0,0,0,1,0,1,0,1
samples/runtime,org.corfudb.protocols.wireprotocol,LayoutPrepareRequest,99,43,10,0,1,10,11,5,6,5
samples/runtime,org.corfudb.protocols.wireprotocol,CorfuMsgType.new TypeToken() {...},0,3,0,0,0,1,0,1,0,1
samples/runtime,org.corfudb.protocols.wireprotocol,CorfuMsgType.new TypeToken() {...},0,3,0,0,0,1,0,1,0,1
samples/runtime,org.corfudb.protocols.wireprotocol,MsgHandlingFilter,388,0,44,0,53,0,54,0,32,0
samples/runtime,org.corfudb.protocols.wireprotocol,CorfuMsgType.new TypeToken() {...},0,3,0,0,0,1,0,1,0,1
samples/runtime,org.corfudb.protocols.wireprotocol,CorfuMsgType.new TypeToken() {...},0,3,0,0,0,1,0,1,0,1
samples/runtime,org.corfudb.protocols.wireprotocol,ExceptionMsg.DeserializationFailedException,4,0,0,0,2,0,1,0,1,0
samples/runtime,org.corfudb.protocols.wireprotocol,WriteRequest.WriteRequestBuilder,12,14,0,0,0,1,1,3,1,3
samples/runtime,org.corfudb.protocols.wireprotocol,SequencerMetrics.SequencerStatus,0,48,0,0,0,4,0,4,0,4
samples/runtime,org.corfudb.protocols.wireprotocol,Token,46,97,4,10,3,11,5,13,2,9
samples/runtime,org.corfudb.protocols.wireprotocol,ReadRequest,0,37,0,0,0,10,0,5,0,5
samples/runtime,org.corfudb.protocols.wireprotocol,ClusterState,81,122,5,13,15,28,9,16,4,12
samples/runtime,org.corfudb.protocols.wireprotocol,ILogData.SerializationHandle,0,15,0,0,0,7,0,3,0,3
samples/runtime,org.corfudb.protocols.wireprotocol,SequencerRecoveryMsg,185,71,38,0,1,16,24,7,5,7
samples/runtime,org.corfudb.protocols.wireprotocol,MultipleReadRequest,0,37,0,0,0,10,0,5,0,5
samples/runtime,org.corfudb.protocols.wireprotocol,ILogData,18,86,4,10,3,18,5,14,2,10
samples/runtime,org.corfudb.protocols.wireprotocol,TokenType,5,89,0,0,0,12,1,5,1,5
samples/runtime,org.corfudb.protocols.wireprotocol,TailsRequest,123,38,18,2,10,13,17,4,7,4
samples/runtime,org.corfudb.protocols.wireprotocol,ClientHandshakeHandler,111,205,17,13,32,53,13,11,1,8
samples/runtime,org.corfudb.protocols.wireprotocol,LayoutCommittedRequest,160,58,24,0,2,17,20,6,8,6
samples/runtime,org.corfudb.protocols.wireprotocol,LayoutProposeResponse,68,25,8,0,1,7,9,4,5,4
samples/runtime,org.corfudb.protocols.wireprotocol,TailsResponse,100,120,17,1,0,19,14,8,5,8
samples/runtime,org.corfudb.protocols.wireprotocol,ClientHandshakeHandler.ClientHandshakeEvent,9,29,0,0,0,3,2,2,2,2
samples/runtime,org.corfudb.protocols.wireprotocol,TokenResponse,155,260,34,14,0,39,26,16,2,16
samples/runtime,org.corfudb.protocols.wireprotocol,HandshakeMsg,117,39,22,0,1,10,17,5,6,5
samples/runtime,org.corfudb.protocols.wireprotocol,ReadResponse,83,32,14,0,2,11,13,5,6,5
samples/runtime,org.corfudb.protocols.wireprotocol,LayoutProposeRequest,139,59,18,0,1,13,16,6,7,6
samples/runtime,org.corfudb.protocols.wireprotocol,NettyCorfuMessageDecoder,5,17,1,1,1,6,1,4,0,4
samples/runtime,org.corfudb.protocols.wireprotocol,CorfuMsgType.new TypeToken() {...},0,3,0,0,0,1,0,1,0,1
samples/runtime,org.corfudb.protocols.wireprotocol,CorfuMsgType.new TypeToken() {...},0,3,0,0,0,1,0,1,0,1
samples/runtime,org.corfudb.protocols.wireprotocol,CorfuMsgType.new TypeToken() {...},0,3,0,0,0,1,0,1,0,1
samples/runtime,org.corfudb.protocols.wireprotocol,ExceptionMsg.SerializationFailedException,21,0,0,0,4,0,2,0,2,0
samples/runtime,org.corfudb.protocols.wireprotocol,CorfuMsgType.new TypeToken() {...},0,3,0,0,0,1,0,1,0,1
samples/runtime,org.corfudb.protocols.wireprotocol,CorfuMsgType.new TypeToken() {...},0,3,0,0,0,1,0,1,0,1
samples/runtime,org.corfudb.protocols.wireprotocol,IMetadata,4,212,3,9,1,47,3,28,0,25
samples/runtime,org.corfudb.protocols.wireprotocol,IToken,0,2,0,0,0,1,0,1,0,1
samples/runtime,org.corfudb.protocols.wireprotocol,CorfuMsgType.new TypeToken() {...},0,3,0,0,0,1,0,1,0,1
samples/runtime,org.corfudb.protocols.wireprotocol,CorfuMsgType.new TypeToken() {...},0,3,0,0,0,1,0,1,0,1
samples/runtime,org.corfudb.protocols.wireprotocol,CorfuMsgType.new TypeToken() {...},0,3,0,0,0,1,0,1,0,1
samples/runtime,org.corfudb.protocols.wireprotocol,CorfuMsgType.new TypeToken() {...},0,3,0,0,0,1,0,1,0,1
samples/runtime,org.corfudb.protocols.wireprotocol,ExceptionMsg,15,29,0,0,4,12,0,4,0,4
samples/runtime,org.corfudb.protocols.wireprotocol,KnownAddressRequest,109,39,22,0,1,10,15,5,4,5
samples/runtime,org.corfudb.protocols.wireprotocol,CorfuMsg,291,193,45,3,4,48,31,18,8,17
samples/runtime,org.corfudb.protocols.wireprotocol,StreamAddressRange,118,21,16,0,0,4,11,4,3,4
samples/runtime,org.corfudb.protocols.wireprotocol,NodeState.HeartbeatTimestamp,104,37,12,0,4,8,11,3,5,3
samples/runtime,org.corfudb.protocols.wireprotocol,SequencerMetrics,73,41,14,0,1,12,11,5,4,5
samples/runtime,org.corfudb.protocols.wireprotocol,LogData,86,515,21,49,8,132,19,38,1,21
samples/runtime,org.corfudb.protocols.wireprotocol,LayoutMsg,21,69,0,0,2,19,2,6,2,6
samples/runtime,org.corfudb.protocols.wireprotocol,DataType,5,100,0,0,0,13,1,6,1,6
samples/runtime,org.corfudb.protocols.wireprotocol,TokenRequest,189,161,33,16,5,48,22,17,5,8
samples/runtime,org.corfudb.protocols.wireprotocol,TrimRequest,73,38,14,0,1,10,11,4,4,4
samples/runtime,org.corfudb.protocols.wireprotocol,JSONPayloadMsg,0,73,0,0,0,19,0,6,0,6
samples/runtime,org.corfudb.protocols.wireprotocol,TxResolutionInfo,18,193,0,4,1,51,1,13,1,11
samples/runtime,org.corfudb.protocols.wireprotocol,RangeWriteMsg,77,22,14,0,1,7,12,4,5,4
samples/runtime,org.corfudb.protocols.wireprotocol,IMetadata.LogUnitMetadataType,5,165,0,0,0,17,1,5,1,5
samples/runtime,org.corfudb.recovery,FastObjectLoader,210,987,17,81,55,226,32,83,15,47
samples/runtime,org.corfudb.recovery,FastObjectLoader.BoundedQueue,5,13,0,0,3,5,0,2,0,2
samples/runtime,org.corfudb.recovery,RecoveryUtils,9,93,1,5,3,27,2,12,1,10
samples/runtime,org.corfudb.recovery,FastObjectLoader.new Object() {...},11,79,0,0,0,3,0,1,0,1
samples/runtime,org.corfudb.recovery,FastObjectLoader.CheckPoint,220,60,34,0,2,7,24,10,7,10
samples/runtime,org.corfudb.recovery,FastObjectLoader.StreamMetaData,162,63,32,4,2,12,25,8,8,7
samples/runtime,org.corfudb.util.serializer,JsonSerializer,180,192,26,16,15,45,18,8,0,5
samples/runtime,org.corfudb.util.serializer,Serializers,14,110,2,6,4,22,3,5,1,3
samples/runtime,org.corfudb.util.serializer,PrimitiveSerializer,92,88,4,4,20,24,8,8,5,7
samples/runtime,org.corfudb.util.serializer,ISerializer.new ThreadLocal() {...},22,3,0,0,7,1,1,1,1,1
samples/runtime,org.corfudb.util.serializer,ISerializer,30,127,0,6,1,36,5,11,5,8
samples/runtime,org.corfudb.util.serializer,CorfuSerializer,16,61,1,5,2,20,1,6,0,4
samples/runtime,org.corfudb.util.serializer,PrimitiveSerializer.Primitives,274,315,0,0,42,32,32,13,32,13
samples/runtime,org.corfudb.util.serializer,JavaSerializer,135,77,24,8,3,17,16,5,0,5
samples/runtime,org.corfudb.runtime.object.transactions,TransactionType,5,49,0,0,0,4,1,3,1,3
samples/runtime,org.corfudb.runtime.object.transactions,Transaction.TransactionBuilder,22,44,0,4,0,1,1,7,1,5
samples/runtime,org.corfudb.runtime.object.transactions,Transaction,25,103,2,10,3,21,2,14,0,10
samples/runtime,org.corfudb.runtime.object.transactions,SnapshotTransactionalContext,18,45,1,3,3,10,5,6,4,5
samples/runtime,org.corfudb.runtime.object.transactions,TransactionalContext,8,73,0,6,1,19,1,12,1,9
samples/runtime,org.corfudb.runtime.object.transactions,WriteAfterWriteTransactionalContext,0,21,0,0,0,7,0,4,0,4
samples/runtime,org.corfudb.runtime.object.transactions,WriteSetSMRStream,125,226,11,19,21,55,15,17,7,10
samples/runtime,org.corfudb.runtime.object.transactions,OptimisticTransactionalContext,30,365,4,26,3,79,5,23,1,12
samples/runtime,org.corfudb.runtime.object.transactions,WriteSetInfo,13,63,1,1,2,12,2,4,1,4
samples/runtime,org.corfudb.runtime.object.transactions,AbstractTransactionalContext,39,305,5,15,4,76,10,28,5,23
samples/runtime,org.corfudb.runtime.object.transactions,ConflictSetInfo,6,79,0,4,2,19,1,12,1,10
samples/runtime,org.corfudb.protocols.wireprotocol.orchestrator,OrchestratorMsg,0,55,0,0,0,15,0,4,0,4
samples/runtime,org.corfudb.protocols.wireprotocol.orchestrator,RemoveNodeRequest,10,0,0,0,5,0,3,0,3,0
samples/runtime,org.corfudb.protocols.wireprotocol.orchestrator,AddNodeRequest,0,26,0,0,0,9,0,5,0,5
samples/runtime,org.corfudb.protocols.wireprotocol.orchestrator,HealNodeRequest,12,117,0,0,4,26,4,5,4,5
samples/runtime,org.corfudb.protocols.wireprotocol.orchestrator,OrchestratorRequestType,5,105,0,0,0,12,1,5,1,5
samples/runtime,org.corfudb.protocols.wireprotocol.orchestrator,RestoreRedundancyMergeSegmentsRequest,0,26,0,0,0,9,0,5,0,5
samples/runtime,org.corfudb.protocols.wireprotocol.orchestrator,QueryRequest,0,44,0,0,0,13,0,5,0,5
samples/runtime,org.corfudb.protocols.wireprotocol.orchestrator,CreateWorkflowResponse,0,44,0,0,0,13,0,5,0,5
samples/runtime,org.corfudb.protocols.wireprotocol.orchestrator,QueryResponse,0,42,0,4,0,15,0,7,0,5
samples/runtime,org.corfudb.protocols.wireprotocol.orchestrator,OrchestratorResponse,0,55,0,0,0,15,0,4,0,4
samples/runtime,org.corfudb.protocols.wireprotocol.orchestrator,ForceRemoveNodeRequest,10,0,0,0,5,0,3,0,3,0
samples/runtime,org.corfudb.protocols.wireprotocol.orchestrator,OrchestratorResponseType,5,57,0,0,0,9,1,5,1,5
samples/runtime,org.corfudb.runtime,MultiCheckpointWriter,125,136,13,7,16,37,10,6,2,4
samples/runtime,org.corfudb.runtime,BootstrapUtil,208,0,20,0,55,0,16,0,6,0
samples/runtime,org.corfudb.runtime,CorfuRuntime,360,1002,31,77,78,180,49,64,19,40
samples/runtime,org.corfudb.runtime,ViewsGarbageCollector,87,56,2,0,18,18,4,4,3,4
samples/runtime,org.corfudb.runtime,CorfuRuntime.CorfuRuntimeParameters,1757,440,275,1,10,53,193,97,55,97
samples/runtime,org.corfudb.runtime,RebootUtil,201,0,32,0,44,0,23,0,7,0
samples/runtime,org.corfudb.runtime,CheckpointWriter,65,475,7,5,2,94,11,18,7,16
samples/runtime,org.corfudb.runtime,CorfuRuntime.CorfuRuntimeParameters.CorfuRuntimeParametersBuilder,831,329,57,51,0,1,89,25,41,18
samples/runtime,org.corfudb.runtime,NodeRouterPool,7,49,0,2,2,11,2,7,2,6
samples/runtime,org.corfudb.protocols.wireprotocol.failuredetector,FailureDetectorMetrics.FailureDetectorAction,5,43,0,0,0,2,1,3,1,3
samples/runtime,org.corfudb.protocols.wireprotocol.failuredetector,FailureDetectorMetrics,96,34,4,0,19,3,4,3,2,3
samples/runtime,org.corfudb.protocols.wireprotocol.failuredetector,FailureDetectorMetrics.FailureDetectorMetricsBuilder,52,58,0,0,0,1,2,9,2,9
samples/runtime,org.corfudb.protocols.wireprotocol.failuredetector,FailureDetectorMetrics.ConnectivityGraph,16,6,0,0,5,1,2,1,2,1
samples/runtime,org.corfudb.protocols.wireprotocol.failuredetector,NodeConnectivity.NodeConnectivityType,0,48,0,0,0,4,0,4,0,4
samples/runtime,org.corfudb.protocols.wireprotocol.failuredetector,NodeRank,88,73,11,7,8,10,12,9,4,8
samples/runtime,org.corfudb.protocols.wireprotocol.failuredetector,NodeConnectivity,235,227,37,11,6,55,25,24,4,21
samples/runtime,org.corfudb.protocols.wireprotocol.failuredetector,NodeConnectivity.NodeConnectivityBuilder,27,35,0,0,0,1,1,6,1,6
samples/runtime,org.corfudb.protocols.wireprotocol.failuredetector,NodeConnectivity.ConnectionStatus,6,38,2,0,1,3,2,4,1,4
samples/runtime,org.corfudb.util,ReflectionUtils,301,0,10,0,73,0,21,0,16,0
samples/runtime,org.corfudb.util,UuidUtils,3,51,0,4,2,10,1,4,1,2
samples/runtime,org.corfudb.util,CFUtils,28,155,5,13,9,38,8,15,3,11
samples/runtime,org.corfudb.util,GitRepositoryState,5,149,0,2,2,31,0,4,0,3
samples/runtime,org.corfudb.util,LockUtils.AutoCloseRwLock,46,0,4,0,15,0,6,0,4,0
samples/runtime,org.corfudb.util,NetworkUtils,149,0,16,0,38,0,15,0,7,0
samples/runtime,org.corfudb.util,MetricsUtils.new Gauge() {...},24,0,2,0,4,0,3,0,2,0
samples/runtime,org.corfudb.util,MetricsUtils.new Gauge() {...},8,0,0,0,2,0,2,0,2,0
samples/runtime,org.corfudb.util,Utils,751,573,56,33,169,89,54,24,18,13
samples/runtime,org.corfudb.util,MetricsUtils.new Gauge() {...},8,0,0,0,2,0,2,0,2,0
samples/runtime,org.corfudb.util,NodeLocator,92,248,33,21,5,27,30,13,3,13
samples/runtime,org.corfudb.util,Sleep,14,103,1,1,1,18,3,4,2,4
samples/runtime,org.corfudb.util,CorfuComponent,9,114,0,0,0,14,2,3,2,3
samples/runtime,org.corfudb.util,NodeLocator.Protocol,0,28,0,0,0,2,0,4,0,4
samples/runtime,org.corfudb.util,Sleep.new Sleep() {...},4,6,0,0,1,1,1,1,1,1
samples/runtime,org.corfudb.util,Sleep.new Sleep() {...},4,6,0,0,1,1,1,1,1,1
samples/runtime,org.corfudb.util,Sleep.new Sleep() {...},4,6,0,0,1,1,1,1,1,1
samples/runtime,org.corfudb.util,Sleep.new Sleep() {...},4,6,0,0,1,1,1,1,1,1
samples/runtime,org.corfudb.util,Sleep.new Sleep() {...},4,6,0,0,1,1,1,1,1,1
samples/runtime,org.corfudb.util,LockUtils,3,0,0,0,2,0,1,0,1,0
samples/runtime,org.corfudb.util,Sleep.new Sleep() {...},4,6,0,0,1,1,1,1,1,1
samples/runtime,org.corfudb.util,Sleep.new Sleep() {...},4,6,0,0,1,1,1,1,1,1
samples/runtime,org.corfudb.util,Version,36,51,8,6,10,8,7,4,1,3
samples/runtime,org.corfudb.util,MetricsUtils,369,132,39,11,85,42,38,9,14,8
samples/runtime,org.corfudb.util,ImmuableListSetWrapper,75,14,0,0,17,5,16,3,16,3
samples/runtime,org.corfudb.util,LambdaUtils,395,240,0,0,23,53,46,4,46,4
samples/runtime,org.corfudb.util,JsonUtils,15,16,0,0,5,3,2,2,2,2
samples/runtime,org.corfudb.util,NodeLocator.NodeLocatorBuilder,51,66,3,5,0,1,5,9,3,7
samples/runtime,org.corfudb.util,Holder,4,9,0,0,1,2,1,2,1,2
samples/runtime,org.corfudb.runtime.view.replication,QuorumReplicationProtocol.ReadResponseComparator,74,54,11,7,3,11,13,4,6,2
samples/runtime,org.corfudb.runtime.view.replication,ChainReplicationProtocol,52,560,10,24,9,103,10,21,1,13
samples/runtime,org.corfudb.runtime.view.replication,ReadWaitHoleFillPolicy,6,100,0,6,2,22,0,8,0,5
samples/runtime,org.corfudb.runtime.view.replication,AbstractReplicationProtocol,0,41,0,0,0,11,0,4,0,4
samples/runtime,org.corfudb.runtime.view.replication,NeverHoleFillPolicy,39,0,4,0,13,0,5,0,3,0
samples/runtime,org.corfudb.runtime.view.replication,QuorumReplicationProtocol,228,472,37,21,46,89,27,17,2,13
samples/runtime,org.corfudb.runtime.view.replication,AlwaysHoleFillPolicy,0,18,0,2,0,5,0,3,0,2
samples/runtime,org.corfudb.comm,ChannelImplementation,17,122,6,6,0,14,6,8,0,8
